Determining if the pthread_create exist failed with the following output:
Change Dir: /home/rdx/Projects/darkhelp/build/CMakeFiles/CMakeTmp

Run Build Command:"/usr/bin/make" "cmTC_40810/fast"
/usr/bin/make -f CMakeFiles/cmTC_40810.dir/build.make CMakeFiles/cmTC_40810.dir/build
make[1]: Entering directory '/home/rdx/Projects/darkhelp/build/CMakeFiles/CMakeTmp'
Building C object CMakeFiles/cmTC_40810.dir/CheckSymbolExists.c.o
/usr/bin/cc    -o CMakeFiles/cmTC_40810.dir/CheckSymbolExists.c.o   -c /home/rdx/Projects/darkhelp/build/CMakeFiles/CMakeTmp/CheckSymbolExists.c
Linking C executable cmTC_40810
/usr/bin/cmake -E cmake_link_script CMakeFiles/cmTC_40810.dir/link.txt --verbose=1
/usr/bin/cc      -rdynamic CMakeFiles/cmTC_40810.dir/CheckSymbolExists.c.o  -o cmTC_40810 
CMakeFiles/cmTC_40810.dir/CheckSymbolExists.c.o: In function `main':
CheckSymbolExists.c:(.text+0x1b): undefined reference to `pthread_create'
collect2: error: ld returned 1 exit status
CMakeFiles/cmTC_40810.dir/build.make:86: recipe for target 'cmTC_40810' failed
make[1]: *** [cmTC_40810] Error 1
make[1]: Leaving directory '/home/rdx/Projects/darkhelp/build/CMakeFiles/CMakeTmp'
Makefile:121: recipe for target 'cmTC_40810/fast' failed
make: *** [cmTC_40810/fast] Error 2

File /home/rdx/Projects/darkhelp/build/CMakeFiles/CMakeTmp/CheckSymbolExists.c:
/* */
#include <pthread.h>

int main(int argc, char** argv)
{
  (void)argv;
#ifndef pthread_create
  return ((int*)(&pthread_create))[argc];
#else
  (void)argc;
  return 0;
#endif
}

Determining if the function pthread_create exists in the pthreads failed with the following output:
Change Dir: /home/rdx/Projects/darkhelp/build/CMakeFiles/CMakeTmp

Run Build Command:"/usr/bin/make" "cmTC_0e485/fast"
/usr/bin/make -f CMakeFiles/cmTC_0e485.dir/build.make CMakeFiles/cmTC_0e485.dir/build
make[1]: Entering directory '/home/rdx/Projects/darkhelp/build/CMakeFiles/CMakeTmp'
Building C object CMakeFiles/cmTC_0e485.dir/CheckFunctionExists.c.o
/usr/bin/cc   -DCHECK_FUNCTION_EXISTS=pthread_create   -o CMakeFiles/cmTC_0e485.dir/CheckFunctionExists.c.o   -c /usr/share/cmake-3.13/Modules/CheckFunctionExists.c
Linking C executable cmTC_0e485
/usr/bin/cmake -E cmake_link_script CMakeFiles/cmTC_0e485.dir/link.txt --verbose=1
/usr/bin/cc  -DCHECK_FUNCTION_EXISTS=pthread_create    -rdynamic CMakeFiles/cmTC_0e485.dir/CheckFunctionExists.c.o  -o cmTC_0e485 -lpthreads 
/usr/bin/ld: cannot find -lpthreads
collect2: error: ld returned 1 exit status
CMakeFiles/cmTC_0e485.dir/build.make:86: recipe for target 'cmTC_0e485' failed
make[1]: *** [cmTC_0e485] Error 1
make[1]: Leaving directory '/home/rdx/Projects/darkhelp/build/CMakeFiles/CMakeTmp'
Makefile:121: recipe for target 'cmTC_0e485/fast' failed
make: *** [cmTC_0e485/fast] Error 2


